[ 2016-12-15T12:24:43+08:00 ] 127.0.0.1 /Service/restful.php?s=/Ajax/angular.html&action=Ajax&module=getBase
INFO: [ app_init ] --START--
INFO: Run Behavior\BuildLiteBehavior [ RunTime:0.000014s ]
INFO: [ app_init ] --END-- [ RunTime:0.000083s ]
INFO: [ app_begin ] --START--
INFO: Run Behavior\ReadHtmlCacheBehavior [ RunTime:0.000229s ]
INFO: [ app_begin ] --END-- [ RunTime:0.000289s ]

[ 2016-12-15T12:32:13+08:00 ] 127.0.0.1 /Service/restful.php?s=/Ajax/angular.html&action=Ajax&module=getBase
INFO: [ app_init ] --START--
INFO: Run Behavior\BuildLiteBehavior [ RunTime:0.000023s ]
INFO: [ app_init ] --END-- [ RunTime:0.000129s ]
INFO: [ app_begin ] --START--
INFO: Run Behavior\ReadHtmlCacheBehavior [ RunTime:0.000655s ]
INFO: [ app_begin ] --END-- [ RunTime:0.000830s ]

[ 2016-12-15T12:36:10+08:00 ] 127.0.0.1 /Service/restful.php?s=/Ajax/angular.html&action=Ajax&module=getBase
INFO: [ app_init ] --START--
INFO: Run Behavior\BuildLiteBehavior [ RunTime:0.000043s ]
INFO: [ app_init ] --END-- [ RunTime:0.000497s ]
INFO: [ app_begin ] --START--
INFO: Run Behavior\ReadHtmlCacheBehavior [ RunTime:0.000582s ]
INFO: [ app_begin ] --END-- [ RunTime:0.000787s ]

[ 2016-12-15T12:37:24+08:00 ] 127.0.0.1 /Service/restful.php?s=/Ajax/angular.html&action=Ajax&module=getBase
INFO: [ app_init ] --START--
INFO: Run Behavior\BuildLiteBehavior [ RunTime:0.000035s ]
INFO: [ app_init ] --END-- [ RunTime:0.000226s ]
INFO: [ app_begin ] --START--
INFO: Run Behavior\ReadHtmlCacheBehavior [ RunTime:0.000352s ]
INFO: [ app_begin ] --END-- [ RunTime:0.000445s ]

[ 2016-12-15T12:42:24+08:00 ] 127.0.0.1 /Service/restful.php?s=/Ajax/angular.html&action=Ajax&module=getBase
INFO: [ app_init ] --START--
INFO: Run Behavior\BuildLiteBehavior [ RunTime:0.000016s ]
INFO: [ app_init ] --END-- [ RunTime:0.000105s ]
INFO: [ app_begin ] --START--
INFO: Run Behavior\ReadHtmlCacheBehavior [ RunTime:0.000280s ]
INFO: [ app_begin ] --END-- [ RunTime:0.000405s ]

[ 2016-12-15T12:50:33+08:00 ] 127.0.0.1 /Service/restful.php?s=/Ajax/angular.html&action=Ajax&module=getBase
INFO: [ app_init ] --START--
INFO: Run Behavior\BuildLiteBehavior [ RunTime:0.000015s ]
INFO: [ app_init ] --END-- [ RunTime:0.000079s ]
INFO: [ app_begin ] --START--
INFO: Run Behavior\ReadHtmlCacheBehavior [ RunTime:0.000236s ]
INFO: [ app_begin ] --END-- [ RunTime:0.000299s ]

[ 2016-12-15T12:51:42+08:00 ] 127.0.0.1 /Service/restful.php?s=/Ajax/angular.html&action=Ajax&module=getBase
INFO: [ app_init ] --START--
INFO: Run Behavior\BuildLiteBehavior [ RunTime:0.000025s ]
INFO: [ app_init ] --END-- [ RunTime:0.000139s ]
INFO: [ app_begin ] --START--
INFO: Run Behavior\ReadHtmlCacheBehavior [ RunTime:0.000846s ]
INFO: [ app_begin ] --END-- [ RunTime:0.000924s ]

[ 2016-12-15T12:53:28+08:00 ] 127.0.0.1 /Service/restful.php?s=/Ajax/angular.html&action=Ajax&module=getBase
INFO: [ app_init ] --START--
INFO: Run Behavior\BuildLiteBehavior [ RunTime:0.000024s ]
INFO: [ app_init ] --END-- [ RunTime:0.000138s ]
INFO: [ app_begin ] --START--
INFO: Run Behavior\ReadHtmlCacheBehavior [ RunTime:0.000408s ]
INFO: [ app_begin ] --END-- [ RunTime:0.000520s ]

[ 2016-12-15T12:53:37+08:00 ] 127.0.0.1 /Service/restful.php?s=/Ajax/angular.html&action=Ajax&module=getBase
INFO: [ app_init ] --START--
INFO: Run Behavior\BuildLiteBehavior [ RunTime:0.000038s ]
INFO: [ app_init ] --END-- [ RunTime:0.000307s ]
INFO: [ app_begin ] --START--
INFO: Run Behavior\ReadHtmlCacheBehavior [ RunTime:0.000724s ]
INFO: [ app_begin ] --END-- [ RunTime:0.000824s ]

[ 2016-12-15T12:54:21+08:00 ] 127.0.0.1 /Service/restful.php?s=/Ajax/angular.html&action=Ajax&module=getBase
INFO: [ app_init ] --START--
INFO: Run Behavior\BuildLiteBehavior [ RunTime:0.000023s ]
INFO: [ app_init ] --END-- [ RunTime:0.000133s ]
INFO: [ app_begin ] --START--
INFO: Run Behavior\ReadHtmlCacheBehavior [ RunTime:0.000351s ]
INFO: [ app_begin ] --END-- [ RunTime:0.000445s ]

[ 2016-12-15T12:57:37+08:00 ] 127.0.0.1 /Service/restful.php?s=/Ajax/angular.html&action=Ajax&module=getBase
INFO: [ app_init ] --START--
INFO: Run Behavior\BuildLiteBehavior [ RunTime:0.000015s ]
INFO: [ app_init ] --END-- [ RunTime:0.000083s ]
INFO: [ app_begin ] --START--
INFO: Run Behavior\ReadHtmlCacheBehavior [ RunTime:0.000420s ]
INFO: [ app_begin ] --END-- [ RunTime:0.000532s ]

[ 2016-12-15T13:00:41+08:00 ] 127.0.0.1 /Service/restful.php?s=/Ajax/angular.html&action=Ajax&module=getBase
INFO: [ app_init ] --START--
INFO: Run Behavior\BuildLiteBehavior [ RunTime:0.000025s ]
INFO: [ app_init ] --END-- [ RunTime:0.000146s ]
INFO: [ app_begin ] --START--
INFO: Run Behavior\ReadHtmlCacheBehavior [ RunTime:0.000359s ]
INFO: [ app_begin ] --END-- [ RunTime:0.000520s ]

[ 2016-12-15T13:02:09+08:00 ] 127.0.0.1 /Service/restful.php?s=/Ajax/angular.html&action=Ajax&module=getBase
INFO: [ app_init ] --START--
INFO: Run Behavior\BuildLiteBehavior [ RunTime:0.000015s ]
INFO: [ app_init ] --END-- [ RunTime:0.000083s ]
INFO: [ app_begin ] --START--
INFO: Run Behavior\ReadHtmlCacheBehavior [ RunTime:0.000262s ]
INFO: [ app_begin ] --END-- [ RunTime:0.000326s ]

[ 2016-12-15T13:04:49+08:00 ] 127.0.0.1 /Service/restful.php?s=/Ajax/angular.html&action=Ajax&module=getBase
INFO: [ app_init ] --START--
INFO: Run Behavior\BuildLiteBehavior [ RunTime:0.000024s ]
INFO: [ app_init ] --END-- [ RunTime:0.000138s ]
INFO: [ app_begin ] --START--
INFO: Run Behavior\ReadHtmlCacheBehavior [ RunTime:0.000255s ]
INFO: [ app_begin ] --END-- [ RunTime:0.000327s ]

[ 2016-12-15T13:05:59+08:00 ] 127.0.0.1 /Service/restful.php?s=/Ajax/angular.html&action=Ajax&module=getBase
INFO: [ app_init ] --START--
INFO: Run Behavior\BuildLiteBehavior [ RunTime:0.000015s ]
INFO: [ app_init ] --END-- [ RunTime:0.000079s ]
INFO: [ app_begin ] --START--
INFO: Run Behavior\ReadHtmlCacheBehavior [ RunTime:0.000252s ]
INFO: [ app_begin ] --END-- [ RunTime:0.000318s ]

[ 2016-12-15T13:11:35+08:00 ] 127.0.0.1 /Service/restful.php?s=/Ajax/angular.html&action=Ajax&module=getBase
INFO: [ app_init ] --START--
INFO: Run Behavior\BuildLiteBehavior [ RunTime:0.000013s ]
INFO: [ app_init ] --END-- [ RunTime:0.000076s ]
INFO: [ app_begin ] --START--
INFO: Run Behavior\ReadHtmlCacheBehavior [ RunTime:0.000263s ]
INFO: [ app_begin ] --END-- [ RunTime:0.000328s ]

[ 2016-12-15T13:12:51+08:00 ] 127.0.0.1 /Service/restful.php?s=/Ajax/angular.html&action=Ajax&module=getBase
INFO: [ app_init ] --START--
INFO: Run Behavior\BuildLiteBehavior [ RunTime:0.000019s ]
INFO: [ app_init ] --END-- [ RunTime:0.000139s ]
INFO: [ app_begin ] --START--
INFO: Run Behavior\ReadHtmlCacheBehavior [ RunTime:0.000455s ]
INFO: [ app_begin ] --END-- [ RunTime:0.000605s ]

[ 2016-12-15T13:13:49+08:00 ] 127.0.0.1 /Service/restful.php?s=/Ajax/angular.html&action=Ajax&module=getBase
INFO: [ app_init ] --START--
INFO: Run Behavior\BuildLiteBehavior [ RunTime:0.000026s ]
INFO: [ app_init ] --END-- [ RunTime:0.000143s ]
INFO: [ app_begin ] --START--
INFO: Run Behavior\ReadHtmlCacheBehavior [ RunTime:0.000446s ]
INFO: [ app_begin ] --END-- [ RunTime:0.000616s ]

[ 2016-12-15T13:17:16+08:00 ] 127.0.0.1 /Service/restful.php?s=/Ajax/angular.html&action=Ajax&module=getBase
INFO: [ app_init ] --START--
INFO: Run Behavior\BuildLiteBehavior [ RunTime:0.000014s ]
INFO: [ app_init ] --END-- [ RunTime:0.000077s ]
INFO: [ app_begin ] --START--
INFO: Run Behavior\ReadHtmlCacheBehavior [ RunTime:0.000435s ]
INFO: [ app_begin ] --END-- [ RunTime:0.000497s ]

[ 2016-12-15T13:18:54+08:00 ] 127.0.0.1 /Service/restful.php?s=/Ajax/angular.html&action=Ajax&module=getBase
INFO: [ app_init ] --START--
INFO: Run Behavior\BuildLiteBehavior [ RunTime:0.000015s ]
INFO: [ app_init ] --END-- [ RunTime:0.000081s ]
INFO: [ app_begin ] --START--
INFO: Run Behavior\ReadHtmlCacheBehavior [ RunTime:0.000240s ]
INFO: [ app_begin ] --END-- [ RunTime:0.000309s ]

[ 2016-12-15T13:21:20+08:00 ] 127.0.0.1 /Service/restful.php?s=/Ajax/angular.html&action=Ajax&module=getBase
INFO: [ app_init ] --START--
INFO: Run Behavior\BuildLiteBehavior [ RunTime:0.000014s ]
INFO: [ app_init ] --END-- [ RunTime:0.000078s ]
INFO: [ app_begin ] --START--
INFO: Run Behavior\ReadHtmlCacheBehavior [ RunTime:0.000224s ]
INFO: [ app_begin ] --END-- [ RunTime:0.000285s ]

[ 2016-12-15T13:23:34+08:00 ] 127.0.0.1 /Service/restful.php?s=/Ajax/angular.html&action=Ajax&module=getBase
INFO: [ app_init ] --START--
INFO: Run Behavior\BuildLiteBehavior [ RunTime:0.000030s ]
INFO: [ app_init ] --END-- [ RunTime:0.000164s ]
INFO: [ app_begin ] --START--
INFO: Run Behavior\ReadHtmlCacheBehavior [ RunTime:0.000825s ]
INFO: [ app_begin ] --END-- [ RunTime:0.000953s ]

[ 2016-12-15T13:24:29+08:00 ] 127.0.0.1 /Service/restful.php?s=/Ajax/angular.html&action=Ajax&module=getBase
INFO: [ app_init ] --START--
INFO: Run Behavior\BuildLiteBehavior [ RunTime:0.000014s ]
INFO: [ app_init ] --END-- [ RunTime:0.000081s ]
INFO: [ app_begin ] --START--
INFO: Run Behavior\ReadHtmlCacheBehavior [ RunTime:0.000239s ]
INFO: [ app_begin ] --END-- [ RunTime:0.000304s ]

[ 2016-12-15T13:25:09+08:00 ] 127.0.0.1 /Service/restful.php?s=/Ajax/angular.html&action=Ajax&module=getBase
INFO: [ app_init ] --START--
INFO: Run Behavior\BuildLiteBehavior [ RunTime:0.000016s ]
INFO: [ app_init ] --END-- [ RunTime:0.000082s ]
INFO: [ app_begin ] --START--
INFO: Run Behavior\ReadHtmlCacheBehavior [ RunTime:0.000277s ]
INFO: [ app_begin ] --END-- [ RunTime:0.000345s ]

[ 2016-12-15T13:28:43+08:00 ] 127.0.0.1 /Service/restful.php?s=/Ajax/angular.html&action=Ajax&module=getBase
INFO: [ app_init ] --START--
INFO: Run Behavior\BuildLiteBehavior [ RunTime:0.000049s ]
INFO: [ app_init ] --END-- [ RunTime:0.000370s ]
INFO: [ app_begin ] --START--
INFO: Run Behavior\ReadHtmlCacheBehavior [ RunTime:0.001415s ]
INFO: [ app_begin ] --END-- [ RunTime:0.001583s ]

[ 2016-12-15T13:30:37+08:00 ] 127.0.0.1 /Service/restful.php?s=/Ajax/angular.html&action=Ajax&module=getBase
INFO: [ app_init ] --START--
INFO: Run Behavior\BuildLiteBehavior [ RunTime:0.000017s ]
INFO: [ app_init ] --END-- [ RunTime:0.000084s ]
INFO: [ app_begin ] --START--
INFO: Run Behavior\ReadHtmlCacheBehavior [ RunTime:0.000552s ]
INFO: [ app_begin ] --END-- [ RunTime:0.000665s ]

[ 2016-12-15T13:32:35+08:00 ] 127.0.0.1 /Service/restful.php?s=/Ajax/angular.html&action=Ajax&module=getBase
INFO: [ app_init ] --START--
INFO: Run Behavior\BuildLiteBehavior [ RunTime:0.000014s ]
INFO: [ app_init ] --END-- [ RunTime:0.000076s ]
INFO: [ app_begin ] --START--
INFO: Run Behavior\ReadHtmlCacheBehavior [ RunTime:0.000250s ]
INFO: [ app_begin ] --END-- [ RunTime:0.000318s ]

[ 2016-12-15T13:33:40+08:00 ] 127.0.0.1 /Service/restful.php?s=/Ajax/angular.html&action=Ajax&module=getBase
INFO: [ app_init ] --START--
INFO: Run Behavior\BuildLiteBehavior [ RunTime:0.000015s ]
INFO: [ app_init ] --END-- [ RunTime:0.000084s ]
INFO: [ app_begin ] --START--
INFO: Run Behavior\ReadHtmlCacheBehavior [ RunTime:0.000249s ]
INFO: [ app_begin ] --END-- [ RunTime:0.000315s ]

[ 2016-12-15T13:33:51+08:00 ] 127.0.0.1 /Service/restful.php?s=/Ajax/angular.html&ac=station&op=getZZlist
INFO: [ app_init ] --START--
INFO: Run Behavior\BuildLiteBehavior [ RunTime:0.000014s ]
INFO: [ app_init ] --END-- [ RunTime:0.000152s ]
INFO: [ app_begin ] --START--
INFO: Run Behavior\ReadHtmlCacheBehavior [ RunTime:0.000244s ]
INFO: [ app_begin ] --END-- [ RunTime:0.000308s ]
ERR: 无法加载数据库驱动: Think\Db\Driver\

[ 2016-12-15T13:36:25+08:00 ] 127.0.0.1 /Service/restful.php?s=/Ajax/angular.html&action=Ajax&module=getBase
INFO: [ app_init ] --START--
INFO: Run Behavior\BuildLiteBehavior [ RunTime:0.000014s ]
INFO: [ app_init ] --END-- [ RunTime:0.000078s ]
INFO: [ app_begin ] --START--
INFO: Run Behavior\ReadHtmlCacheBehavior [ RunTime:0.000288s ]
INFO: [ app_begin ] --END-- [ RunTime:0.000365s ]

[ 2016-12-15T13:36:33+08:00 ] 127.0.0.1 /Service/restful.php?s=/Ajax/angular.html&action=station&module=getLists&op=getZZlist
INFO: [ app_init ] --START--
INFO: Run Behavior\BuildLiteBehavior [ RunTime:0.000014s ]
INFO: [ app_init ] --END-- [ RunTime:0.000092s ]
INFO: [ app_begin ] --START--
INFO: Run Behavior\ReadHtmlCacheBehavior [ RunTime:0.000284s ]
INFO: [ app_begin ] --END-- [ RunTime:0.000398s ]

[ 2016-12-15T13:36:47+08:00 ] 127.0.0.1 /Service/restful.php?s=/Ajax/angular.html&action=station&module=getLists&op=getRRlist
INFO: [ app_init ] --START--
INFO: Run Behavior\BuildLiteBehavior [ RunTime:0.000014s ]
INFO: [ app_init ] --END-- [ RunTime:0.000075s ]
INFO: [ app_begin ] --START--
INFO: Run Behavior\ReadHtmlCacheBehavior [ RunTime:0.000219s ]
INFO: [ app_begin ] --END-- [ RunTime:0.000277s ]

[ 2016-12-15T14:23:04+08:00 ] 127.0.0.1 /Service/restful.php?s=/Ajax/angular.html&action=Ajax&module=getBase
INFO: [ app_init ] --START--
INFO: Run Behavior\BuildLiteBehavior [ RunTime:0.000087s ]
INFO: [ app_init ] --END-- [ RunTime:0.000254s ]
INFO: [ app_begin ] --START--
INFO: Run Behavior\ReadHtmlCacheBehavior [ RunTime:0.000694s ]
INFO: [ app_begin ] --END-- [ RunTime:0.000819s ]

[ 2016-12-15T14:30:32+08:00 ] 127.0.0.1 /Service/restful.php?s=/Ajax/angular.html&action=Ajax&module=getBase
INFO: [ app_init ] --START--
INFO: Run Behavior\BuildLiteBehavior [ RunTime:0.000014s ]
INFO: [ app_init ] --END-- [ RunTime:0.000082s ]
INFO: [ app_begin ] --START--
INFO: Run Behavior\ReadHtmlCacheBehavior [ RunTime:0.000417s ]
INFO: [ app_begin ] --END-- [ RunTime:0.000482s ]

[ 2016-12-15T14:32:38+08:00 ] 127.0.0.1 /Service/restful.php?s=/Ajax/angular.html&action=Ajax&module=getBase
INFO: [ app_init ] --START--
INFO: Run Behavior\BuildLiteBehavior [ RunTime:0.000014s ]
INFO: [ app_init ] --END-- [ RunTime:0.000081s ]
INFO: [ app_begin ] --START--
INFO: Run Behavior\ReadHtmlCacheBehavior [ RunTime:0.000243s ]
INFO: [ app_begin ] --END-- [ RunTime:0.000307s ]

[ 2016-12-15T14:34:27+08:00 ] 127.0.0.1 /Service/restful.php?s=/Ajax/angular.html&action=Ajax&module=getBase
INFO: [ app_init ] --START--
INFO: Run Behavior\BuildLiteBehavior [ RunTime:0.000016s ]
INFO: [ app_init ] --END-- [ RunTime:0.000098s ]
INFO: [ app_begin ] --START--
INFO: Run Behavior\ReadHtmlCacheBehavior [ RunTime:0.000396s ]
INFO: [ app_begin ] --END-- [ RunTime:0.000468s ]

[ 2016-12-15T14:35:57+08:00 ] 127.0.0.1 /Service/restful.php?s=/Ajax/angular.html&action=Ajax&module=getBase
INFO: [ app_init ] --START--
INFO: Run Behavior\BuildLiteBehavior [ RunTime:0.000028s ]
INFO: [ app_init ] --END-- [ RunTime:0.000733s ]
INFO: [ app_begin ] --START--
INFO: Run Behavior\ReadHtmlCacheBehavior [ RunTime:0.007146s ]
INFO: [ app_begin ] --END-- [ RunTime:0.007268s ]

[ 2016-12-15T14:38:07+08:00 ] 127.0.0.1 /Service/restful.php?s=/Ajax/angular.html&action=Ajax&module=getBase
INFO: [ app_init ] --START--
INFO: Run Behavior\BuildLiteBehavior [ RunTime:0.000025s ]
INFO: [ app_init ] --END-- [ RunTime:0.000145s ]
INFO: [ app_begin ] --START--
INFO: Run Behavior\ReadHtmlCacheBehavior [ RunTime:0.006074s ]
INFO: [ app_begin ] --END-- [ RunTime:0.006156s ]

[ 2016-12-15T14:40:19+08:00 ] 127.0.0.1 /Service/restful.php?s=/Ajax/angular.html&action=Ajax&module=getBase
INFO: [ app_init ] --START--
INFO: Run Behavior\BuildLiteBehavior [ RunTime:0.000027s ]
INFO: [ app_init ] --END-- [ RunTime:0.000201s ]
INFO: [ app_begin ] --START--
INFO: Run Behavior\ReadHtmlCacheBehavior [ RunTime:0.001933s ]
INFO: [ app_begin ] --END-- [ RunTime:0.002041s ]

[ 2016-12-15T14:46:58+08:00 ] 127.0.0.1 /Service/restful.php?s=/Ajax/angular.html&action=Ajax&module=getBase
INFO: [ app_init ] --START--
INFO: Run Behavior\BuildLiteBehavior [ RunTime:0.000019s ]
INFO: [ app_init ] --END-- [ RunTime:0.000187s ]
INFO: [ app_begin ] --START--
INFO: Run Behavior\ReadHtmlCacheBehavior [ RunTime:0.000616s ]
INFO: [ app_begin ] --END-- [ RunTime:0.000687s ]

[ 2016-12-15T14:48:23+08:00 ] 127.0.0.1 /Service/restful.php?s=/Ajax/angular.html&action=Ajax&module=getBase
INFO: [ app_init ] --START--
INFO: Run Behavior\BuildLiteBehavior [ RunTime:0.000024s ]
INFO: [ app_init ] --END-- [ RunTime:0.000142s ]
INFO: [ app_begin ] --START--
INFO: Run Behavior\ReadHtmlCacheBehavior [ RunTime:0.000397s ]
INFO: [ app_begin ] --END-- [ RunTime:0.000512s ]

[ 2016-12-15T14:49:02+08:00 ] 127.0.0.1 /Service/restful.php?s=/Ajax/angular.html&action=Ajax&module=getBase
INFO: [ app_init ] --START--
INFO: Run Behavior\BuildLiteBehavior [ RunTime:0.000024s ]
INFO: [ app_init ] --END-- [ RunTime:0.000140s ]
INFO: [ app_begin ] --START--
INFO: Run Behavior\ReadHtmlCacheBehavior [ RunTime:0.000605s ]
INFO: [ app_begin ] --END-- [ RunTime:0.000734s ]

[ 2016-12-15T14:50:09+08:00 ] 127.0.0.1 /Service/restful.php?s=/Ajax/angular.html&action=Ajax&module=getBase
INFO: [ app_init ] --START--
INFO: Run Behavior\BuildLiteBehavior [ RunTime:0.000022s ]
INFO: [ app_init ] --END-- [ RunTime:0.000130s ]
INFO: [ app_begin ] --START--
INFO: Run Behavior\ReadHtmlCacheBehavior [ RunTime:0.000253s ]
INFO: [ app_begin ] --END-- [ RunTime:0.000321s ]

[ 2016-12-15T14:52:13+08:00 ] 127.0.0.1 /Service/restful.php?s=/Ajax/angular.html&action=Ajax&module=getBase
INFO: [ app_init ] --START--
INFO: Run Behavior\BuildLiteBehavior [ RunTime:0.000024s ]
INFO: [ app_init ] --END-- [ RunTime:0.000308s ]
INFO: [ app_begin ] --START--
INFO: Run Behavior\ReadHtmlCacheBehavior [ RunTime:0.000831s ]
INFO: [ app_begin ] --END-- [ RunTime:0.001005s ]

[ 2016-12-15T15:07:51+08:00 ] 127.0.0.1 /Service/restful.php?s=/Ajax/angular.html&action=Ajax&module=getBase
INFO: [ app_init ] --START--
INFO: Run Behavior\BuildLiteBehavior [ RunTime:0.000019s ]
INFO: [ app_init ] --END-- [ RunTime:0.000095s ]
INFO: [ app_begin ] --START--
INFO: Run Behavior\ReadHtmlCacheBehavior [ RunTime:0.000459s ]
INFO: [ app_begin ] --END-- [ RunTime:0.000546s ]

[ 2016-12-15T15:08:08+08:00 ] 127.0.0.1 /Service/restful.php?s=/Ajax/angular.html&action=Ajax&module=getBase
INFO: [ app_init ] --START--
INFO: Run Behavior\BuildLiteBehavior [ RunTime:0.000014s ]
INFO: [ app_init ] --END-- [ RunTime:0.000075s ]
INFO: [ app_begin ] --START--
INFO: Run Behavior\ReadHtmlCacheBehavior [ RunTime:0.000249s ]
INFO: [ app_begin ] --END-- [ RunTime:0.000317s ]

[ 2016-12-15T16:36:13+08:00 ] 127.0.0.1 /Service/restful.php?s=/Ajax/angular.html&action=Ajax&module=getBase
INFO: [ app_init ] --START--
INFO: Run Behavior\BuildLiteBehavior [ RunTime:0.000048s ]
INFO: [ app_init ] --END-- [ RunTime:0.000163s ]
INFO: [ app_begin ] --START--
INFO: Run Behavior\ReadHtmlCacheBehavior [ RunTime:0.000501s ]
INFO: [ app_begin ] --END-- [ RunTime:0.000580s ]

[ 2016-12-15T16:39:09+08:00 ] 127.0.0.1 /Service/restful.php?s=/Ajax/angular.html&action=Ajax&module=getBase
INFO: [ app_init ] --START--
INFO: Run Behavior\BuildLiteBehavior [ RunTime:0.000022s ]
INFO: [ app_init ] --END-- [ RunTime:0.000126s ]
INFO: [ app_begin ] --START--
INFO: Run Behavior\ReadHtmlCacheBehavior [ RunTime:0.000497s ]
INFO: [ app_begin ] --END-- [ RunTime:0.000714s ]

[ 2016-12-15T16:40:11+08:00 ] 127.0.0.1 /Service/restful.php?s=/Ajax/angular.html&action=Ajax&module=getBase
INFO: [ app_init ] --START--
INFO: Run Behavior\BuildLiteBehavior [ RunTime:0.000038s ]
INFO: [ app_init ] --END-- [ RunTime:0.000170s ]
INFO: [ app_begin ] --START--
INFO: Run Behavior\ReadHtmlCacheBehavior [ RunTime:0.000327s ]
INFO: [ app_begin ] --END-- [ RunTime:0.000422s ]

[ 2016-12-15T16:45:53+08:00 ] 127.0.0.1 /Service/restful.php?s=/Ajax/angular.html&action=Ajax&module=getBase
INFO: [ app_init ] --START--
INFO: Run Behavior\BuildLiteBehavior [ RunTime:0.000014s ]
INFO: [ app_init ] --END-- [ RunTime:0.000075s ]
INFO: [ app_begin ] --START--
INFO: Run Behavior\ReadHtmlCacheBehavior [ RunTime:0.000227s ]
INFO: [ app_begin ] --END-- [ RunTime:0.000289s ]

[ 2016-12-15T16:47:52+08:00 ] 127.0.0.1 /Service/restful.php?s=/Ajax/angular.html&action=Ajax&module=getBase
INFO: [ app_init ] --START--
INFO: Run Behavior\BuildLiteBehavior [ RunTime:0.000024s ]
INFO: [ app_init ] --END-- [ RunTime:0.000134s ]
INFO: [ app_begin ] --START--
INFO: Run Behavior\ReadHtmlCacheBehavior [ RunTime:0.000998s ]
INFO: [ app_begin ] --END-- [ RunTime:0.001086s ]

[ 2016-12-15T16:47:59+08:00 ] 127.0.0.1 /Service/restful.php?s=/Ajax/angular.html&action=Ajax&module=getBase
INFO: [ app_init ] --START--
INFO: Run Behavior\BuildLiteBehavior [ RunTime:0.000021s ]
INFO: [ app_init ] --END-- [ RunTime:0.000134s ]
INFO: [ app_begin ] --START--
INFO: Run Behavior\ReadHtmlCacheBehavior [ RunTime:0.000277s ]
INFO: [ app_begin ] --END-- [ RunTime:0.000343s ]

[ 2016-12-15T16:50:58+08:00 ] 127.0.0.1 /Service/restful.php?s=/Ajax/angular.html&action=Ajax&module=getBase
INFO: [ app_init ] --START--
INFO: Run Behavior\BuildLiteBehavior [ RunTime:0.000024s ]
INFO: [ app_init ] --END-- [ RunTime:0.000132s ]
INFO: [ app_begin ] --START--
INFO: Run Behavior\ReadHtmlCacheBehavior [ RunTime:0.000488s ]
INFO: [ app_begin ] --END-- [ RunTime:0.000579s ]

[ 2016-12-15T16:52:36+08:00 ] 127.0.0.1 /Service/restful.php?s=/Ajax/angular.html&action=Ajax&module=getBase
INFO: [ app_init ] --START--
INFO: Run Behavior\BuildLiteBehavior [ RunTime:0.000015s ]
INFO: [ app_init ] --END-- [ RunTime:0.000081s ]
INFO: [ app_begin ] --START--
INFO: Run Behavior\ReadHtmlCacheBehavior [ RunTime:0.000244s ]
INFO: [ app_begin ] --END-- [ RunTime:0.000309s ]

[ 2016-12-15T16:55:29+08:00 ] 127.0.0.1 /Service/restful.php?s=/Ajax/angular.html&action=Ajax&module=getBase
INFO: [ app_init ] --START--
INFO: Run Behavior\BuildLiteBehavior [ RunTime:0.000036s ]
INFO: [ app_init ] --END-- [ RunTime:0.000225s ]
INFO: [ app_begin ] --START--
INFO: Run Behavior\ReadHtmlCacheBehavior [ RunTime:0.000331s ]
INFO: [ app_begin ] --END-- [ RunTime:0.000440s ]

[ 2016-12-15T17:07:15+08:00 ] 127.0.0.1 /Service/restful.php?s=/Ajax/angular.html&action=Ajax&module=getBase
INFO: [ app_init ] --START--
INFO: Run Behavior\BuildLiteBehavior [ RunTime:0.000044s ]
INFO: [ app_init ] --END-- [ RunTime:0.000341s ]
INFO: [ app_begin ] --START--
INFO: Run Behavior\ReadHtmlCacheBehavior [ RunTime:0.000855s ]
INFO: [ app_begin ] --END-- [ RunTime:0.001003s ]

[ 2016-12-15T17:10:34+08:00 ] 127.0.0.1 /Service/restful.php?s=/Ajax/angular.html&action=Ajax&module=getBase
INFO: [ app_init ] --START--
INFO: Run Behavior\BuildLiteBehavior [ RunTime:0.000015s ]
INFO: [ app_init ] --END-- [ RunTime:0.000078s ]
INFO: [ app_begin ] --START--
INFO: Run Behavior\ReadHtmlCacheBehavior [ RunTime:0.000245s ]
INFO: [ app_begin ] --END-- [ RunTime:0.000353s ]

[ 2016-12-15T17:10:54+08:00 ] 127.0.0.1 /Service/restful.php?s=/Ajax/angular.html&action=Ajax&module=getBase
INFO: [ app_init ] --START--
INFO: Run Behavior\BuildLiteBehavior [ RunTime:0.000014s ]
INFO: [ app_init ] --END-- [ RunTime:0.000076s ]
INFO: [ app_begin ] --START--
INFO: Run Behavior\ReadHtmlCacheBehavior [ RunTime:0.000606s ]
INFO: [ app_begin ] --END-- [ RunTime:0.000759s ]

[ 2016-12-15T17:11:40+08:00 ] 127.0.0.1 /Service/restful.php?s=/Ajax/angular.html&action=Ajax&module=getBase
INFO: [ app_init ] --START--
INFO: Run Behavior\BuildLiteBehavior [ RunTime:0.000022s ]
INFO: [ app_init ] --END-- [ RunTime:0.000115s ]
INFO: [ app_begin ] --START--
INFO: Run Behavior\ReadHtmlCacheBehavior [ RunTime:0.000437s ]
INFO: [ app_begin ] --END-- [ RunTime:0.000542s ]

[ 2016-12-15T17:16:08+08:00 ] 127.0.0.1 /Service/restful.php?s=/Ajax/angular.html&action=Ajax&module=getBase
INFO: [ app_init ] --START--
INFO: Run Behavior\BuildLiteBehavior [ RunTime:0.000014s ]
INFO: [ app_init ] --END-- [ RunTime:0.000076s ]
INFO: [ app_begin ] --START--
INFO: Run Behavior\ReadHtmlCacheBehavior [ RunTime:0.000246s ]
INFO: [ app_begin ] --END-- [ RunTime:0.000310s ]

[ 2016-12-15T17:16:39+08:00 ] 127.0.0.1 /Service/restful.php?s=/Ajax/angular.html&action=Ajax&module=getBase
INFO: [ app_init ] --START--
INFO: Run Behavior\BuildLiteBehavior [ RunTime:0.000024s ]
INFO: [ app_init ] --END-- [ RunTime:0.000149s ]
INFO: [ app_begin ] --START--
INFO: Run Behavior\ReadHtmlCacheBehavior [ RunTime:0.000550s ]
INFO: [ app_begin ] --END-- [ RunTime:0.000755s ]

[ 2016-12-15T17:16:52+08:00 ] 127.0.0.1 /Service/restful.php?s=/Ajax/angular.html&action=Ajax&module=getBase
INFO: [ app_init ] --START--
INFO: Run Behavior\BuildLiteBehavior [ RunTime:0.000066s ]
INFO: [ app_init ] --END-- [ RunTime:0.000308s ]
INFO: [ app_begin ] --START--
INFO: Run Behavior\ReadHtmlCacheBehavior [ RunTime:0.000675s ]
INFO: [ app_begin ] --END-- [ RunTime:0.000874s ]

[ 2016-12-15T17:17:32+08:00 ] 127.0.0.1 /Service/restful.php?s=/Ajax/angular.html&action=Ajax&module=getBase
INFO: [ app_init ] --START--
INFO: Run Behavior\BuildLiteBehavior [ RunTime:0.000013s ]
INFO: [ app_init ] --END-- [ RunTime:0.000074s ]
INFO: [ app_begin ] --START--
INFO: Run Behavior\ReadHtmlCacheBehavior [ RunTime:0.000253s ]
INFO: [ app_begin ] --END-- [ RunTime:0.000324s ]

[ 2016-12-15T17:18:07+08:00 ] 127.0.0.1 /Service/restful.php?s=/Ajax/angular.html&action=Ajax&module=getBase
INFO: [ app_init ] --START--
INFO: Run Behavior\BuildLiteBehavior [ RunTime:0.000015s ]
INFO: [ app_init ] --END-- [ RunTime:0.000076s ]
INFO: [ app_begin ] --START--
INFO: Run Behavior\ReadHtmlCacheBehavior [ RunTime:0.000467s ]
INFO: [ app_begin ] --END-- [ RunTime:0.000558s ]

[ 2016-12-15T17:19:58+08:00 ] 127.0.0.1 /Service/restful.php?s=/Ajax/angular.html&action=Ajax&module=getBase
INFO: [ app_init ] --START--
INFO: Run Behavior\BuildLiteBehavior [ RunTime:0.000014s ]
INFO: [ app_init ] --END-- [ RunTime:0.000080s ]
INFO: [ app_begin ] --START--
INFO: Run Behavior\ReadHtmlCacheBehavior [ RunTime:0.000233s ]
INFO: [ app_begin ] --END-- [ RunTime:0.000294s ]

[ 2016-12-15T17:22:13+08:00 ] 127.0.0.1 /Service/restful.php?s=/Ajax/angular.html&action=Ajax&module=getBase
INFO: [ app_init ] --START--
INFO: Run Behavior\BuildLiteBehavior [ RunTime:0.000054s ]
INFO: [ app_init ] --END-- [ RunTime:0.000134s ]
INFO: [ app_begin ] --START--
INFO: Run Behavior\ReadHtmlCacheBehavior [ RunTime:0.000327s ]
INFO: [ app_begin ] --END-- [ RunTime:0.000396s ]

[ 2016-12-15T17:22:37+08:00 ] 127.0.0.1 /Service/restful.php?s=/Ajax/angular.html&action=Ajax&module=getBase
INFO: [ app_init ] --START--
INFO: Run Behavior\BuildLiteBehavior [ RunTime:0.000014s ]
INFO: [ app_init ] --END-- [ RunTime:0.000074s ]
INFO: [ app_begin ] --START--
INFO: Run Behavior\ReadHtmlCacheBehavior [ RunTime:0.000247s ]
INFO: [ app_begin ] --END-- [ RunTime:0.000306s ]

[ 2016-12-15T17:23:23+08:00 ] 127.0.0.1 /Service/restful.php?s=/Ajax/angular.html&action=Ajax&module=getBase
INFO: [ app_init ] --START--
INFO: Run Behavior\BuildLiteBehavior [ RunTime:0.000021s ]
INFO: [ app_init ] --END-- [ RunTime:0.000129s ]
INFO: [ app_begin ] --START--
INFO: Run Behavior\ReadHtmlCacheBehavior [ RunTime:0.000366s ]
INFO: [ app_begin ] --END-- [ RunTime:0.000471s ]

[ 2016-12-15T17:50:30+08:00 ] 127.0.0.1 /Service/restful.php?s=/Ajax/angular.html&action=Ajax&module=getBase
INFO: [ app_init ] --START--
INFO: Run Behavior\BuildLiteBehavior [ RunTime:0.000022s ]
INFO: [ app_init ] --END-- [ RunTime:0.000122s ]
INFO: [ app_begin ] --START--
INFO: Run Behavior\ReadHtmlCacheBehavior [ RunTime:0.000237s ]
INFO: [ app_begin ] --END-- [ RunTime:0.000301s ]

[ 2016-12-15T17:54:40+08:00 ] 127.0.0.1 /Service/restful.php?s=/Ajax/angular.html&action=Ajax&module=getBase
INFO: [ app_init ] --START--
INFO: Run Behavior\BuildLiteBehavior [ RunTime:0.000015s ]
INFO: [ app_init ] --END-- [ RunTime:0.000082s ]
INFO: [ app_begin ] --START--
INFO: Run Behavior\ReadHtmlCacheBehavior [ RunTime:0.000248s ]
INFO: [ app_begin ] --END-- [ RunTime:0.000314s ]

[ 2016-12-15T17:55:59+08:00 ] 127.0.0.1 /Service/restful.php?s=/Ajax/angular.html&action=Ajax&module=getBase
INFO: [ app_init ] --START--
INFO: Run Behavior\BuildLiteBehavior [ RunTime:0.000050s ]
INFO: [ app_init ] --END-- [ RunTime:0.000157s ]
INFO: [ app_begin ] --START--
INFO: Run Behavior\ReadHtmlCacheBehavior [ RunTime:0.000633s ]
INFO: [ app_begin ] --END-- [ RunTime:0.000778s ]

[ 2016-12-15T17:58:16+08:00 ] 127.0.0.1 /Service/restful.php?s=/Ajax/angular.html&action=Ajax&module=getBase
INFO: [ app_init ] --START--
INFO: Run Behavior\BuildLiteBehavior [ RunTime:0.000017s ]
INFO: [ app_init ] --END-- [ RunTime:0.000090s ]
INFO: [ app_begin ] --START--
INFO: Run Behavior\ReadHtmlCacheBehavior [ RunTime:0.000314s ]
INFO: [ app_begin ] --END-- [ RunTime:0.000386s ]

[ 2016-12-15T18:01:59+08:00 ] 127.0.0.1 /Service/restful.php?s=/Ajax/angular.html&action=Ajax&module=getBase
INFO: [ app_init ] --START--
INFO: Run Behavior\BuildLiteBehavior [ RunTime:0.000014s ]
INFO: [ app_init ] --END-- [ RunTime:0.000079s ]
INFO: [ app_begin ] --START--
INFO: Run Behavior\ReadHtmlCacheBehavior [ RunTime:0.000333s ]
INFO: [ app_begin ] --END-- [ RunTime:0.000401s ]

[ 2016-12-15T18:02:45+08:00 ] 127.0.0.1 /Service/restful.php?s=/Ajax/angular.html&action=Ajax&module=getBase
INFO: [ app_init ] --START--
INFO: Run Behavior\BuildLiteBehavior [ RunTime:0.000025s ]
INFO: [ app_init ] --END-- [ RunTime:0.000350s ]
INFO: [ app_begin ] --START--
INFO: Run Behavior\ReadHtmlCacheBehavior [ RunTime:0.000638s ]
INFO: [ app_begin ] --END-- [ RunTime:0.000766s ]

[ 2016-12-15T18:03:13+08:00 ] 127.0.0.1 /Service/restful.php?s=/Ajax/angular.html&action=Ajax&module=getBase
INFO: [ app_init ] --START--
INFO: Run Behavior\BuildLiteBehavior [ RunTime:0.000023s ]
INFO: [ app_init ] --END-- [ RunTime:0.000184s ]
INFO: [ app_begin ] --START--
INFO: Run Behavior\ReadHtmlCacheBehavior [ RunTime:0.000665s ]
INFO: [ app_begin ] --END-- [ RunTime:0.000853s ]

[ 2016-12-15T18:16:34+08:00 ] 127.0.0.1 /Service/restful.php?s=/Ajax/angular.html&action=Ajax&module=getBase
INFO: [ app_init ] --START--
INFO: Run Behavior\BuildLiteBehavior [ RunTime:0.000014s ]
INFO: [ app_init ] --END-- [ RunTime:0.000088s ]
INFO: [ app_begin ] --START--
INFO: Run Behavior\ReadHtmlCacheBehavior [ RunTime:0.000301s ]
INFO: [ app_begin ] --END-- [ RunTime:0.000365s ]

[ 2016-12-15T18:17:35+08:00 ] 127.0.0.1 /Service/restful.php?s=/Ajax/angular.html&action=Ajax&module=getBase
INFO: [ app_init ] --START--
INFO: Run Behavior\BuildLiteBehavior [ RunTime:0.000015s ]
INFO: [ app_init ] --END-- [ RunTime:0.000088s ]
INFO: [ app_begin ] --START--
INFO: Run Behavior\ReadHtmlCacheBehavior [ RunTime:0.000405s ]
INFO: [ app_begin ] --END-- [ RunTime:0.000508s ]

[ 2016-12-15T18:20:13+08:00 ] 127.0.0.1 /Service/restful.php?s=/Ajax/angular.html&action=Ajax&module=getBase
INFO: [ app_init ] --START--
INFO: Run Behavior\BuildLiteBehavior [ RunTime:0.000021s ]
INFO: [ app_init ] --END-- [ RunTime:0.000129s ]
INFO: [ app_begin ] --START--
INFO: Run Behavior\ReadHtmlCacheBehavior [ RunTime:0.000451s ]
INFO: [ app_begin ] --END-- [ RunTime:0.000593s ]

[ 2016-12-15T18:29:22+08:00 ] 127.0.0.1 /Service/restful.php?s=/Ajax/angular.html&action=Ajax&module=getBase
INFO: [ app_init ] --START--
INFO: Run Behavior\BuildLiteBehavior [ RunTime:0.000023s ]
INFO: [ app_init ] --END-- [ RunTime:0.000334s ]
INFO: [ app_begin ] --START--
INFO: Run Behavior\ReadHtmlCacheBehavior [ RunTime:0.000262s ]
INFO: [ app_begin ] --END-- [ RunTime:0.000338s ]

[ 2016-12-15T18:30:20+08:00 ] 127.0.0.1 /Service/restful.php?s=/Ajax/angular.html&action=Ajax&module=getBase
INFO: [ app_init ] --START--
INFO: Run Behavior\BuildLiteBehavior [ RunTime:0.000023s ]
INFO: [ app_init ] --END-- [ RunTime:0.000135s ]
INFO: [ app_begin ] --START--
INFO: Run Behavior\ReadHtmlCacheBehavior [ RunTime:0.000373s ]
INFO: [ app_begin ] --END-- [ RunTime:0.000451s ]

[ 2016-12-15T18:35:17+08:00 ] 127.0.0.1 /Service/restful.php?s=/Ajax/angular.html&action=Ajax&module=getBase
INFO: [ app_init ] --START--
INFO: Run Behavior\BuildLiteBehavior [ RunTime:0.000015s ]
INFO: [ app_init ] --END-- [ RunTime:0.000080s ]
INFO: [ app_begin ] --START--
INFO: Run Behavior\ReadHtmlCacheBehavior [ RunTime:0.000233s ]
INFO: [ app_begin ] --END-- [ RunTime:0.000293s ]

[ 2016-12-15T18:37:51+08:00 ] 127.0.0.1 /Service/restful.php?s=/Ajax/angular.html&action=Ajax&module=getBase
INFO: [ app_init ] --START--
INFO: Run Behavior\BuildLiteBehavior [ RunTime:0.000017s ]
INFO: [ app_init ] --END-- [ RunTime:0.000109s ]
INFO: [ app_begin ] --START--
INFO: Run Behavior\ReadHtmlCacheBehavior [ RunTime:0.000250s ]
INFO: [ app_begin ] --END-- [ RunTime:0.000314s ]

[ 2016-12-15T18:38:57+08:00 ] 127.0.0.1 /Service/restful.php?s=/Ajax/angular.html&action=Ajax&module=getBase
INFO: [ app_init ] --START--
INFO: Run Behavior\BuildLiteBehavior [ RunTime:0.000014s ]
INFO: [ app_init ] --END-- [ RunTime:0.000077s ]
INFO: [ app_begin ] --START--
INFO: Run Behavior\ReadHtmlCacheBehavior [ RunTime:0.000279s ]
INFO: [ app_begin ] --END-- [ RunTime:0.000368s ]

[ 2016-12-15T18:38:58+08:00 ] 127.0.0.1 /Service/restful.php?s=/Ajax/angular.html&action=Ajax&module=getBase
INFO: [ app_init ] --START--
INFO: Run Behavior\BuildLiteBehavior [ RunTime:0.000014s ]
INFO: [ app_init ] --END-- [ RunTime:0.000077s ]
INFO: [ app_begin ] --START--
INFO: Run Behavior\ReadHtmlCacheBehavior [ RunTime:0.000237s ]
INFO: [ app_begin ] --END-- [ RunTime:0.000300s ]

[ 2016-12-15T19:09:54+08:00 ] 127.0.0.1 /Service/restful.php?s=/Ajax/angular.html&action=Ajax&module=getBase
INFO: [ app_init ] --START--
INFO: Run Behavior\BuildLiteBehavior [ RunTime:0.000035s ]
INFO: [ app_init ] --END-- [ RunTime:0.000138s ]
INFO: [ app_begin ] --START--
INFO: Run Behavior\ReadHtmlCacheBehavior [ RunTime:0.000573s ]
INFO: [ app_begin ] --END-- [ RunTime:0.000680s ]

[ 2016-12-15T19:11:20+08:00 ] 127.0.0.1 /Service/restful.php?s=/Ajax/angular.html&action=Ajax&module=getBase
INFO: [ app_init ] --START--
INFO: Run Behavior\BuildLiteBehavior [ RunTime:0.000014s ]
INFO: [ app_init ] --END-- [ RunTime:0.000076s ]
INFO: [ app_begin ] --START--
INFO: Run Behavior\ReadHtmlCacheBehavior [ RunTime:0.000232s ]
INFO: [ app_begin ] --END-- [ RunTime:0.000298s ]

[ 2016-12-15T19:12:11+08:00 ] 127.0.0.1 /Service/restful.php?s=/Ajax/angular.html&action=Ajax&module=getBase
INFO: [ app_init ] --START--
INFO: Run Behavior\BuildLiteBehavior [ RunTime:0.000021s ]
INFO: [ app_init ] --END-- [ RunTime:0.000131s ]
INFO: [ app_begin ] --START--
INFO: Run Behavior\ReadHtmlCacheBehavior [ RunTime:0.000473s ]
INFO: [ app_begin ] --END-- [ RunTime:0.000584s ]

[ 2016-12-15T19:13:11+08:00 ] 127.0.0.1 /Service/restful.php?s=/Ajax/angular.html&action=Ajax&module=getBase
INFO: [ app_init ] --START--
INFO: Run Behavior\BuildLiteBehavior [ RunTime:0.000034s ]
INFO: [ app_init ] --END-- [ RunTime:0.000221s ]
INFO: [ app_begin ] --START--
INFO: Run Behavior\ReadHtmlCacheBehavior [ RunTime:0.000337s ]
INFO: [ app_begin ] --END-- [ RunTime:0.000466s ]

[ 2016-12-15T19:13:13+08:00 ] 127.0.0.1 /Service/restful.php?s=/Ajax/angular.html&action=station&module=getInfo&op=getStationInfo&pk=1
INFO: [ app_init ] --START--
INFO: Run Behavior\BuildLiteBehavior [ RunTime:0.000014s ]
INFO: [ app_init ] --END-- [ RunTime:0.000084s ]
INFO: [ app_begin ] --START--
INFO: Run Behavior\ReadHtmlCacheBehavior [ RunTime:0.000254s ]
INFO: [ app_begin ] --END-- [ RunTime:0.000320s ]

[ 2016-12-15T23:57:17+08:00 ] 127.0.0.1 /Service/restful.php?s=/Ajax/angular.html&action=Ajax&module=getBase
INFO: [ app_init ] --START--
INFO: Run Behavior\BuildLiteBehavior [ RunTime:0.000014s ]
INFO: [ app_init ] --END-- [ RunTime:0.000080s ]
INFO: [ app_begin ] --START--
INFO: Run Behavior\ReadHtmlCacheBehavior [ RunTime:0.000336s ]
INFO: [ app_begin ] --END-- [ RunTime:0.000405s ]

